
> rtn-dev-console-example@0.0.1 pod-install-turbo
> cd ios && NO_FLIPPER=1 USE_FRAMEWORKS=static RCT_NEW_ARCH_ENABLED=1 bundle exec pod install --verbose

  $ /private/var/folders/pd/10v4l0j15j39nmvhlnqp33yw0000gn/T/xfs-7c6be30a/node -p require.resolve(     "react-native/scripts/react_native_pods.rb",     {paths: [process.argv[1]]},   ) /Users/tjtekton/code/TheTekton337/rtn-dev-console/example/ios
  /Users/tjtekton/code/TheTekton337/rtn-dev-console/example/node_modules/react-native/scripts/react_native_pods.rb
  $ /private/var/folders/pd/10v4l0j15j39nmvhlnqp33yw0000gn/T/xfs-7c6be30a/node -p require.resolve(     "@react-native-community/cli-platform-ios/native_modules.rb",     {paths: [process.argv[1]]},   ) /Users/tjtekton/code/TheTekton337/rtn-dev-console/example/node_modules/react-native/scripts
  /Users/tjtekton/code/TheTekton337/rtn-dev-console/example/node_modules/@react-native-community/cli-platform-ios/native_modules.rb
Configuring Pod with statically linked Frameworks
  $ /private/var/folders/pd/10v4l0j15j39nmvhlnqp33yw0000gn/T/xfs-7c6be30a/node -e try {console.log(require('@react-native-community/cli').bin);} catch (e) {console.log(require('react-native/cli').bin);}
  /Users/tjtekton/code/TheTekton337/rtn-dev-console/example/node_modules/@react-native-community/cli/build/bin.js
Auto-linking React Native module for target `RtnDevConsoleExample`: rtn-dev-console
[Codegen] Adding script_phases to React-Codegen.
  $ /bin/mkdir -p ./build/generated/ios
[Codegen] Generating ./build/generated/ios/React-Codegen.podspec.json
  $ /private/var/folders/pd/10v4l0j15j39nmvhlnqp33yw0000gn/T/xfs-7c6be30a/node ./../node_modules/react-native/scripts/generate-codegen-artifacts.js -p /Users/tjtekton/code/TheTekton337/rtn-dev-console/example/ios/.. -o /Users/tjtekton/code/TheTekton337/rtn-dev-console/example/ios -e true -c
  [Codegen] Processing react-native core libraries
  [Codegen] Found react-native
  
  
  [Codegen] >>>>> Searching for codegen-enabled libraries in /Users/tjtekton/code/TheTekton337/rtn-dev-console/example/ios
  [Codegen] Found rtn-dev-console
  
  
  [Codegen] >>>>> Searching for codegen-enabled libraries in react-native.config.js
  [Codegen] Found rtn-dev-console
  
  
  [Codegen] >>>>> Searching for codegen-enabled libraries in the app
  
  
  [Codegen] >>>>> Processing FBReactNativeSpec
  [Codegen] Generated schema: /var/folders/pd/10v4l0j15j39nmvhlnqp33yw0000gn/T/FBReactNativeSpecuOoM9B/schema.json
  [Codegen] Generated artifacts: /Users/tjtekton/code/TheTekton337/rtn-dev-console/example/ios/build/generated/ios
  
  
  [Codegen] >>>>> Processing rncore
  [Codegen] Generated schema: /var/folders/pd/10v4l0j15j39nmvhlnqp33yw0000gn/T/rncoreP3dxTv/schema.json
  [Codegen] Generated artifacts: /Users/tjtekton/code/TheTekton337/rtn-dev-console/example/ios/build/generated/ios
  
  
  [Codegen] >>>>> Processing RNRtnDevConsoleViewSpec
  [Codegen] Generated schema: /var/folders/pd/10v4l0j15j39nmvhlnqp33yw0000gn/T/RNRtnDevConsoleViewSpeck6TPNE/schema.json
  [Codegen] Generated artifacts: /Users/tjtekton/code/TheTekton337/rtn-dev-console/example/ios/build/generated/ios
  
  
  [Codegen] >>>>> Processing RNRtnDevConsoleViewSpec
  [Codegen] Generated schema: /var/folders/pd/10v4l0j15j39nmvhlnqp33yw0000gn/T/RNRtnDevConsoleViewSpecAV4Jhl/schema.json
  [Codegen] Generated artifacts: /Users/tjtekton/code/TheTekton337/rtn-dev-console/example/ios/build/generated/ios
  
  
  >>>>> Creating component provider
  Generated schema list: /var/folders/pd/10v4l0j15j39nmvhlnqp33yw0000gn/T/rn-tmp-schema-list.json
  Generated provider in: /Users/tjtekton/code/TheTekton337/rtn-dev-console/example/node_modules/react-native/React/Fabric
  
  
  [Codegen] Done.
[Codegen] Processing react-native core libraries
[Codegen] Found react-native


[Codegen] >>>>> Searching for codegen-enabled libraries in /Users/tjtekton/code/TheTekton337/rtn-dev-console/example/ios
[Codegen] Found rtn-dev-console


[Codegen] >>>>> Searching for codegen-enabled libraries in react-native.config.js
[Codegen] Found rtn-dev-console


[Codegen] >>>>> Searching for codegen-enabled libraries in the app


[Codegen] >>>>> Processing FBReactNativeSpec
[Codegen] Generated schema: /var/folders/pd/10v4l0j15j39nmvhlnqp33yw0000gn/T/FBReactNativeSpecuOoM9B/schema.json
[Codegen] Generated artifacts: /Users/tjtekton/code/TheTekton337/rtn-dev-console/example/ios/build/generated/ios


[Codegen] >>>>> Processing rncore
[Codegen] Generated schema: /var/folders/pd/10v4l0j15j39nmvhlnqp33yw0000gn/T/rncoreP3dxTv/schema.json
[Codegen] Generated artifacts: /Users/tjtekton/code/TheTekton337/rtn-dev-console/example/ios/build/generated/ios


[Codegen] >>>>> Processing RNRtnDevConsoleViewSpec
[Codegen] Generated schema: /var/folders/pd/10v4l0j15j39nmvhlnqp33yw0000gn/T/RNRtnDevConsoleViewSpeck6TPNE/schema.json
[Codegen] Generated artifacts: /Users/tjtekton/code/TheTekton337/rtn-dev-console/example/ios/build/generated/ios


[Codegen] >>>>> Processing RNRtnDevConsoleViewSpec
[Codegen] Generated schema: /var/folders/pd/10v4l0j15j39nmvhlnqp33yw0000gn/T/RNRtnDevConsoleViewSpecAV4Jhl/schema.json
[Codegen] Generated artifacts: /Users/tjtekton/code/TheTekton337/rtn-dev-console/example/ios/build/generated/ios


>>>>> Creating component provider
Generated schema list: /var/folders/pd/10v4l0j15j39nmvhlnqp33yw0000gn/T/rn-tmp-schema-list.json
Generated provider in: /Users/tjtekton/code/TheTekton337/rtn-dev-console/example/node_modules/react-native/React/Fabric


[Codegen] Done.
  Preparing

Analyzing dependencies

Inspecting targets to integrate
  Using `ARCHS` setting to build architectures of target `Pods-RtnDevConsoleExample`: (``)
  Using `ARCHS` setting to build architectures of target `Pods-RtnDevConsoleExample-RtnDevConsoleExampleTests`: (``)

Finding Podfile changes
  - CSSH
  - CSwiftSH
  - DoubleConversion
  - FBLazyVector
  - RCT-Folly
  - RCTRequired
  - RCTTypeSafety
  - React
  - React-Codegen
  - React-Core
  - React-CoreModules
  - React-Fabric
  - React-FabricImage
  - React-ImageManager
  - React-Mapbuffer
  - React-NativeModulesApple
  - React-RCTActionSheet
  - React-RCTAnimation
  - React-RCTAppDelegate
  - React-RCTBlob
  - React-RCTFabric
  - React-RCTImage
  - React-RCTLinking
  - React-RCTNetwork
  - React-RCTSettings
  - React-RCTText
  - React-RCTVibration
  - React-RuntimeApple
  - React-RuntimeCore
  - React-RuntimeHermes
  - React-callinvoker
  - React-cxxreact
  - React-debug
  - React-graphics
  - React-hermes
  - React-jserrorhandler
  - React-jsi
  - React-jsiexecutor
  - React-jsinspector
  - React-jsitracing
  - React-logger
  - React-nativeconfig
  - React-perflogger
  - React-rendererdebug
  - React-rncore
  - React-runtimeexecutor
  - React-runtimescheduler
  - React-utils
  - ReactCommon
  - SwiftSH
  - SwiftTerm
  - Yoga
  - boost
  - glog
  - hermes-engine
  - libevent
  - rtn-dev-console

Fetching external sources
-> Fetching podspec for `FBLazyVector` from `../node_modules/react-native/Libraries/FBLazyVector`
-> Fetching podspec for `RCTRequired` from `../node_modules/react-native/Libraries/RCTRequired`
-> Fetching podspec for `RCTTypeSafety` from `../node_modules/react-native/Libraries/TypeSafety`
-> Fetching podspec for `React` from `../node_modules/react-native/`
-> Fetching podspec for `React-Codegen` from `build/generated/ios`
-> Fetching podspec for `React-Core` from `../node_modules/react-native/`
-> Fetching podspec for `React-CoreModules` from `../node_modules/react-native/React/CoreModules`
-> Fetching podspec for `React-Fabric` from `../node_modules/react-native/ReactCommon`
-> Fetching podspec for `React-FabricImage` from `../node_modules/react-native/ReactCommon`
-> Fetching podspec for `React-ImageManager` from `../node_modules/react-native/ReactCommon/react/renderer/imagemanager/platform/ios`
-> Fetching podspec for `React-Mapbuffer` from `../node_modules/react-native/ReactCommon`
-> Fetching podspec for `React-NativeModulesApple` from `../node_modules/react-native/ReactCommon/react/nativemodule/core/platform/ios`
-> Fetching podspec for `React-RCTActionSheet` from `../node_modules/react-native/Libraries/ActionSheetIOS`
-> Fetching podspec for `React-RCTAnimation` from `../node_modules/react-native/Libraries/NativeAnimation`
-> Fetching podspec for `React-RCTAppDelegate` from `../node_modules/react-native/Libraries/AppDelegate`
-> Fetching podspec for `React-RCTBlob` from `../node_modules/react-native/Libraries/Blob`
-> Fetching podspec for `React-RCTFabric` from `../node_modules/react-native/React`
-> Fetching podspec for `React-RCTImage` from `../node_modules/react-native/Libraries/Image`
-> Fetching podspec for `React-RCTLinking` from `../node_modules/react-native/Libraries/LinkingIOS`
-> Fetching podspec for `React-RCTNetwork` from `../node_modules/react-native/Libraries/Network`
-> Fetching podspec for `React-RCTSettings` from `../node_modules/react-native/Libraries/Settings`
-> Fetching podspec for `React-RCTText` from `../node_modules/react-native/Libraries/Text`
-> Fetching podspec for `React-RCTVibration` from `../node_modules/react-native/Libraries/Vibration`
-> Fetching podspec for `React-RuntimeApple` from `../node_modules/react-native/ReactCommon/react/runtime/platform/ios`
-> Fetching podspec for `React-RuntimeCore` from `../node_modules/react-native/ReactCommon/react/runtime`
-> Fetching podspec for `React-RuntimeHermes` from `../node_modules/react-native/ReactCommon/react/runtime`
-> Fetching podspec for `React-callinvoker` from `../node_modules/react-native/ReactCommon/callinvoker`
-> Fetching podspec for `React-cxxreact` from `../node_modules/react-native/ReactCommon/cxxreact`
-> Fetching podspec for `React-debug` from `../node_modules/react-native/ReactCommon/react/debug`
-> Fetching podspec for `React-graphics` from `../node_modules/react-native/ReactCommon/react/renderer/graphics`
-> Fetching podspec for `React-hermes` from `../node_modules/react-native/ReactCommon/hermes`
-> Fetching podspec for `React-jserrorhandler` from `../node_modules/react-native/ReactCommon/jserrorhandler`
-> Fetching podspec for `React-jsi` from `../node_modules/react-native/ReactCommon/jsi`
-> Fetching podspec for `React-jsiexecutor` from `../node_modules/react-native/ReactCommon/jsiexecutor`
-> Fetching podspec for `React-jsinspector` from `../node_modules/react-native/ReactCommon/jsinspector-modern`
-> Fetching podspec for `React-jsitracing` from `../node_modules/react-native/ReactCommon/hermes/executor/`
-> Fetching podspec for `React-logger` from `../node_modules/react-native/ReactCommon/logger`
-> Fetching podspec for `React-nativeconfig` from `../node_modules/react-native/ReactCommon`
-> Fetching podspec for `React-perflogger` from `../node_modules/react-native/ReactCommon/reactperflogger`
-> Fetching podspec for `React-rendererdebug` from `../node_modules/react-native/ReactCommon/react/renderer/debug`
-> Fetching podspec for `React-rncore` from `../node_modules/react-native/ReactCommon`
-> Fetching podspec for `React-runtimeexecutor` from `../node_modules/react-native/ReactCommon/runtimeexecutor`
-> Fetching podspec for `React-runtimescheduler` from `../node_modules/react-native/ReactCommon/react/renderer/runtimescheduler`
-> Fetching podspec for `React-utils` from `../node_modules/react-native/ReactCommon/react/utils`
-> Fetching podspec for `ReactCommon` from `../node_modules/react-native/ReactCommon`
-> Fetching podspec for `Yoga` from `../node_modules/react-native/ReactCommon/yoga`
-> Fetching podspec for `rtn-dev-console` from `../..`

Resolving dependencies of `Podfile`
  CDN: trunk Relative path: CocoaPods-version.yml exists! Returning local because checking is only performed in repo update
  CDN: trunk Relative path: all_pods_versions_0_9_9.txt exists! Returning local because checking is only performed in repo update
  CDN: trunk Relative path: Specs/0/9/9/libevent/2.1.12/libevent.podspec.json exists! Returning local because checking is only performed in repo update
  CDN: trunk Relative path: all_pods_versions_a_9_3.txt exists! Returning local because checking is only performed in repo update
  CDN: trunk Relative path: Specs/a/9/3/SocketRocket/0.7.0/SocketRocket.podspec.json exists! Returning local because checking is only performed in repo update
  CDN: trunk Relative path: all_pods_versions_7_6_3.txt exists! Returning local because checking is only performed in repo update
  CDN: trunk Relative path: Specs/7/6/3/fmt/7.1.3/fmt.podspec.json exists! Returning local because checking is only performed in repo update
  CDN: trunk Relative path: Specs/0/9/9/libevent/2.1.12/libevent.podspec.json exists! Returning local because checking is only performed in repo update
  CDN: trunk Relative path: Specs/a/9/3/SocketRocket/0.6.1/SocketRocket.podspec.json exists! Returning local because checking is only performed in repo update
  CDN: trunk Relative path: Specs/0/9/9/libevent/2.1.12/libevent.podspec.json exists! Returning local because checking is only performed in repo update
  CDN: trunk Relative path: Specs/7/6/3/fmt/6.2.1/fmt.podspec.json exists! Returning local because checking is only performed in repo update

Comparing resolved specification to the sandbox manifest
  - CSSH
  - CSwiftSH
  - DoubleConversion
  - FBLazyVector
  - RCT-Folly
  - RCTRequired
  - RCTTypeSafety
  - React
  - React-Codegen
  - React-Core
  - React-CoreModules
  - React-Fabric
  - React-FabricImage
  - React-ImageManager
  - React-Mapbuffer
  - React-NativeModulesApple
  - React-RCTActionSheet
  - React-RCTAnimation
  - React-RCTAppDelegate
  - React-RCTBlob
  - React-RCTFabric
  - React-RCTImage
  - React-RCTLinking
  - React-RCTNetwork
  - React-RCTSettings
  - React-RCTText
  - React-RCTVibration
  - React-RuntimeApple
  - React-RuntimeCore
  - React-RuntimeHermes
  - React-callinvoker
  - React-cxxreact
  - React-debug
  - React-graphics
  - React-hermes
  - React-jserrorhandler
  - React-jsi
  - React-jsiexecutor
  - React-jsinspector
  - React-jsitracing
  - React-logger
  - React-nativeconfig
  - React-perflogger
  - React-rendererdebug
  - React-rncore
  - React-runtimeexecutor
  - React-runtimescheduler
  - React-utils
  - ReactCommon
  - SocketRocket
  - SwiftSH
  - SwiftTerm
  - Yoga
  - boost
  - fmt
  - glog
  - hermes-engine
  - libevent
  - rtn-dev-console

Downloading dependencies

-> Using CSSH (1.11.0)

-> Using CSwiftSH (0.1.3)

-> Using DoubleConversion (1.1.6)

-> Using FBLazyVector (0.73.6)

-> Using RCT-Folly (2022.05.16.00)

-> Using RCTRequired (0.73.6)

-> Using RCTTypeSafety (0.73.6)

-> Using React (0.73.6)

-> Using React-Codegen (0.73.6)

-> Using React-Core (0.73.6)

-> Using React-CoreModules (0.73.6)

-> Using React-Fabric (0.73.6)

-> Using React-FabricImage (0.73.6)

-> Using React-ImageManager (0.73.6)

-> Using React-Mapbuffer (0.73.6)

-> Using React-NativeModulesApple (0.73.6)

-> Using React-RCTActionSheet (0.73.6)

-> Using React-RCTAnimation (0.73.6)

-> Using React-RCTAppDelegate (0.73.6)

-> Using React-RCTBlob (0.73.6)

-> Using React-RCTFabric (0.73.6)

-> Using React-RCTImage (0.73.6)

-> Using React-RCTLinking (0.73.6)

-> Using React-RCTNetwork (0.73.6)

-> Using React-RCTSettings (0.73.6)

-> Using React-RCTText (0.73.6)

-> Using React-RCTVibration (0.73.6)

-> Using React-RuntimeApple (0.73.6)

-> Using React-RuntimeCore (0.73.6)

-> Using React-RuntimeHermes (0.73.6)

-> Using React-callinvoker (0.73.6)

-> Using React-cxxreact (0.73.6)

-> Using React-debug (0.73.6)

-> Using React-graphics (0.73.6)

-> Using React-hermes (0.73.6)

-> Using React-jserrorhandler (0.73.6)

-> Using React-jsi (0.73.6)

-> Using React-jsiexecutor (0.73.6)

-> Using React-jsinspector (0.73.6)

-> Using React-jsitracing (0.73.6)

-> Using React-logger (0.73.6)

-> Using React-nativeconfig (0.73.6)

-> Using React-perflogger (0.73.6)

-> Using React-rendererdebug (0.73.6)

-> Using React-rncore (0.73.6)

-> Using React-runtimeexecutor (0.73.6)

-> Using React-runtimescheduler (0.73.6)

-> Using React-utils (0.73.6)

-> Using ReactCommon (0.73.6)

-> Using SocketRocket (0.6.1)

-> Using SwiftSH (0.1.3)

-> Using SwiftTerm (1.0.0)

-> Using Yoga (1.14.0)

-> Using boost (1.83.0)

-> Using fmt (6.2.1)

-> Using glog (0.3.5)

-> Using hermes-engine (0.73.6)

-> Using libevent (2.1.12)

-> Using rtn-dev-console (0.1.4)
  - Running pre install hooks
  - Running pre integrate hooks

Generating Pods project
  - Creating Pods project
  - Installing files into Pods project
    - Adding source files
    - Adding frameworks
    - Adding libraries
    - Adding resources
    - Adding development pod helper files
    - Linking headers
  - Installing Pod Targets
    - Installing target `CSSH` iOS 13.0
    - Installing target `CSwiftSH` iOS 13.0
      - Generating module map file at `Pods/Target Support Files/CSwiftSH/CSwiftSH.modulemap`
      - Generating umbrella header at `Pods/Target Support Files/CSwiftSH/CSwiftSH-umbrella.h`
      - Generating Info.plist file at `Pods/Target Support Files/CSwiftSH/CSwiftSH-Info.plist`
      - Generating dummy source at `Pods/Target Support Files/CSwiftSH/CSwiftSH-dummy.m`
    - Installing target `DoubleConversion` iOS 13.4
      - Generating module map file at `Pods/Target Support Files/DoubleConversion/DoubleConversion.modulemap`
      - Generating umbrella header at `Pods/Target Support Files/DoubleConversion/DoubleConversion-umbrella.h`
      - Generating Info.plist file at `Pods/Target Support Files/DoubleConversion/DoubleConversion-Info.plist`
      - Generating dummy source at `Pods/Target Support Files/DoubleConversion/DoubleConversion-dummy.m`
    - Installing target `FBLazyVector` iOS 13.4
    - Installing target `RCT-Folly` iOS 13.4
      - Generating module map file at `Pods/Target Support Files/RCT-Folly/RCT-Folly.modulemap`
      - Generating umbrella header at `Pods/Target Support Files/RCT-Folly/RCT-Folly-umbrella.h`
      - Generating Info.plist file at `Pods/Target Support Files/RCT-Folly/RCT-Folly-Info.plist`
      - Generating dummy source at `Pods/Target Support Files/RCT-Folly/RCT-Folly-dummy.m`
    - Installing target `RCTRequired` iOS 13.4
    - Installing target `RCTTypeSafety` iOS 13.4
      - Generating module map file at `Pods/Target Support Files/RCTTypeSafety/RCTTypeSafety.modulemap`
      - Generating umbrella header at `Pods/Target Support Files/RCTTypeSafety/RCTTypeSafety-umbrella.h`
      - Generating Info.plist file at `Pods/Target Support Files/RCTTypeSafety/RCTTypeSafety-Info.plist`
      - Generating dummy source at `Pods/Target Support Files/RCTTypeSafety/RCTTypeSafety-dummy.m`
    - Installing target `React` iOS 13.4
    - Installing target `React-Codegen` iOS 13.4
      - Generating module map file at `Pods/Target Support Files/React-Codegen/React-Codegen.modulemap`
      - Generating umbrella header at `Pods/Target Support Files/React-Codegen/React-Codegen-umbrella.h`
      - Generating Info.plist file at `Pods/Target Support Files/React-Codegen/React-Codegen-Info.plist`
      - Generating dummy source at `Pods/Target Support Files/React-Codegen/React-Codegen-dummy.m`
    - Installing target `React-Core` iOS 13.4
      - Generating Info.plist file at `Pods/Target Support Files/React-Core/ResourceBundle-RCTI18nStrings-React-Core-Info.plist`
      - Generating module map file at `Pods/Target Support Files/React-Core/React-Core.modulemap`
      - Generating umbrella header at `Pods/Target Support Files/React-Core/React-Core-umbrella.h`
      - Generating Info.plist file at `Pods/Target Support Files/React-Core/React-Core-Info.plist`
      - Generating dummy source at `Pods/Target Support Files/React-Core/React-Core-dummy.m`
    - Installing target `React-CoreModules` iOS 13.4
      - Generating module map file at `Pods/Target Support Files/React-CoreModules/React-CoreModules.modulemap`
      - Generating umbrella header at `Pods/Target Support Files/React-CoreModules/React-CoreModules-umbrella.h`
      - Generating Info.plist file at `Pods/Target Support Files/React-CoreModules/React-CoreModules-Info.plist`
      - Generating dummy source at `Pods/Target Support Files/React-CoreModules/React-CoreModules-dummy.m`
    - Installing target `React-Fabric` iOS 13.4
      - Generating module map file at `Pods/Target Support Files/React-Fabric/React-Fabric.modulemap`
      - Generating umbrella header at `Pods/Target Support Files/React-Fabric/React-Fabric-umbrella.h`
      - Generating Info.plist file at `Pods/Target Support Files/React-Fabric/React-Fabric-Info.plist`
      - Generating dummy source at `Pods/Target Support Files/React-Fabric/React-Fabric-dummy.m`
    - Installing target `React-FabricImage` iOS 13.4
      - Generating module map file at `Pods/Target Support Files/React-FabricImage/React-FabricImage.modulemap`
      - Generating umbrella header at `Pods/Target Support Files/React-FabricImage/React-FabricImage-umbrella.h`
      - Generating Info.plist file at `Pods/Target Support Files/React-FabricImage/React-FabricImage-Info.plist`
      - Generating dummy source at `Pods/Target Support Files/React-FabricImage/React-FabricImage-dummy.m`
    - Installing target `React-ImageManager` iOS 13.4
      - Generating module map file at `Pods/Target Support Files/React-ImageManager/React-ImageManager.modulemap`
      - Generating umbrella header at `Pods/Target Support Files/React-ImageManager/React-ImageManager-umbrella.h`
      - Generating Info.plist file at `Pods/Target Support Files/React-ImageManager/React-ImageManager-Info.plist`
      - Generating dummy source at `Pods/Target Support Files/React-ImageManager/React-ImageManager-dummy.m`
    - Installing target `React-Mapbuffer` iOS 13.4
      - Generating module map file at `Pods/Target Support Files/React-Mapbuffer/React-Mapbuffer.modulemap`
      - Generating umbrella header at `Pods/Target Support Files/React-Mapbuffer/React-Mapbuffer-umbrella.h`
      - Generating Info.plist file at `Pods/Target Support Files/React-Mapbuffer/React-Mapbuffer-Info.plist`
      - Generating dummy source at `Pods/Target Support Files/React-Mapbuffer/React-Mapbuffer-dummy.m`
    - Installing target `React-NativeModulesApple` iOS 13.4
      - Generating module map file at `Pods/Target Support Files/React-NativeModulesApple/React-NativeModulesApple.modulemap`
      - Generating umbrella header at `Pods/Target Support Files/React-NativeModulesApple/React-NativeModulesApple-umbrella.h`
      - Generating Info.plist file at `Pods/Target Support Files/React-NativeModulesApple/React-NativeModulesApple-Info.plist`
      - Generating dummy source at `Pods/Target Support Files/React-NativeModulesApple/React-NativeModulesApple-dummy.m`
    - Installing target `React-RCTActionSheet` iOS 13.4
    - Installing target `React-RCTAnimation` iOS 13.4
      - Generating module map file at `Pods/Target Support Files/React-RCTAnimation/React-RCTAnimation.modulemap`
      - Generating umbrella header at `Pods/Target Support Files/React-RCTAnimation/React-RCTAnimation-umbrella.h`
      - Generating Info.plist file at `Pods/Target Support Files/React-RCTAnimation/React-RCTAnimation-Info.plist`
      - Generating dummy source at `Pods/Target Support Files/React-RCTAnimation/React-RCTAnimation-dummy.m`
    - Installing target `React-RCTAppDelegate` iOS 13.4
      - Generating module map file at `Pods/Target Support Files/React-RCTAppDelegate/React-RCTAppDelegate.modulemap`
      - Generating umbrella header at `Pods/Target Support Files/React-RCTAppDelegate/React-RCTAppDelegate-umbrella.h`
      - Generating Info.plist file at `Pods/Target Support Files/React-RCTAppDelegate/React-RCTAppDelegate-Info.plist`
      - Generating dummy source at `Pods/Target Support Files/React-RCTAppDelegate/React-RCTAppDelegate-dummy.m`
    - Installing target `React-RCTBlob` iOS 13.4
      - Generating module map file at `Pods/Target Support Files/React-RCTBlob/React-RCTBlob.modulemap`
      - Generating umbrella header at `Pods/Target Support Files/React-RCTBlob/React-RCTBlob-umbrella.h`
      - Generating Info.plist file at `Pods/Target Support Files/React-RCTBlob/React-RCTBlob-Info.plist`
      - Generating dummy source at `Pods/Target Support Files/React-RCTBlob/React-RCTBlob-dummy.m`
    - Installing target `React-RCTFabric` iOS 13.4
      - Generating module map file at `Pods/Target Support Files/React-RCTFabric/React-RCTFabric.modulemap`
      - Generating umbrella header at `Pods/Target Support Files/React-RCTFabric/React-RCTFabric-umbrella.h`
      - Generating Info.plist file at `Pods/Target Support Files/React-RCTFabric/React-RCTFabric-Info.plist`
      - Generating dummy source at `Pods/Target Support Files/React-RCTFabric/React-RCTFabric-dummy.m`
    - Installing target `React-RCTImage` iOS 13.4
      - Generating module map file at `Pods/Target Support Files/React-RCTImage/React-RCTImage.modulemap`
      - Generating umbrella header at `Pods/Target Support Files/React-RCTImage/React-RCTImage-umbrella.h`
      - Generating Info.plist file at `Pods/Target Support Files/React-RCTImage/React-RCTImage-Info.plist`
      - Generating dummy source at `Pods/Target Support Files/React-RCTImage/React-RCTImage-dummy.m`
    - Installing target `React-RCTLinking` iOS 13.4
      - Generating module map file at `Pods/Target Support Files/React-RCTLinking/React-RCTLinking.modulemap`
      - Generating umbrella header at `Pods/Target Support Files/React-RCTLinking/React-RCTLinking-umbrella.h`
      - Generating Info.plist file at `Pods/Target Support Files/React-RCTLinking/React-RCTLinking-Info.plist`
      - Generating dummy source at `Pods/Target Support Files/React-RCTLinking/React-RCTLinking-dummy.m`
    - Installing target `React-RCTNetwork` iOS 13.4
      - Generating module map file at `Pods/Target Support Files/React-RCTNetwork/React-RCTNetwork.modulemap`
      - Generating umbrella header at `Pods/Target Support Files/React-RCTNetwork/React-RCTNetwork-umbrella.h`
      - Generating Info.plist file at `Pods/Target Support Files/React-RCTNetwork/React-RCTNetwork-Info.plist`
      - Generating dummy source at `Pods/Target Support Files/React-RCTNetwork/React-RCTNetwork-dummy.m`
    - Installing target `React-RCTSettings` iOS 13.4
      - Generating module map file at `Pods/Target Support Files/React-RCTSettings/React-RCTSettings.modulemap`
      - Generating umbrella header at `Pods/Target Support Files/React-RCTSettings/React-RCTSettings-umbrella.h`
      - Generating Info.plist file at `Pods/Target Support Files/React-RCTSettings/React-RCTSettings-Info.plist`
      - Generating dummy source at `Pods/Target Support Files/React-RCTSettings/React-RCTSettings-dummy.m`
    - Installing target `React-RCTText` iOS 13.4
      - Generating module map file at `Pods/Target Support Files/React-RCTText/React-RCTText.modulemap`
      - Generating umbrella header at `Pods/Target Support Files/React-RCTText/React-RCTText-umbrella.h`
      - Generating Info.plist file at `Pods/Target Support Files/React-RCTText/React-RCTText-Info.plist`
      - Generating dummy source at `Pods/Target Support Files/React-RCTText/React-RCTText-dummy.m`
    - Installing target `React-RCTVibration` iOS 13.4
      - Generating module map file at `Pods/Target Support Files/React-RCTVibration/React-RCTVibration.modulemap`
      - Generating umbrella header at `Pods/Target Support Files/React-RCTVibration/React-RCTVibration-umbrella.h`
      - Generating Info.plist file at `Pods/Target Support Files/React-RCTVibration/React-RCTVibration-Info.plist`
      - Generating dummy source at `Pods/Target Support Files/React-RCTVibration/React-RCTVibration-dummy.m`
    - Installing target `React-RuntimeApple` iOS 13.4
      - Generating module map file at `Pods/Target Support Files/React-RuntimeApple/React-RuntimeApple.modulemap`
      - Generating umbrella header at `Pods/Target Support Files/React-RuntimeApple/React-RuntimeApple-umbrella.h`
      - Generating Info.plist file at `Pods/Target Support Files/React-RuntimeApple/React-RuntimeApple-Info.plist`
      - Generating dummy source at `Pods/Target Support Files/React-RuntimeApple/React-RuntimeApple-dummy.m`
    - Installing target `React-RuntimeCore` iOS 13.4
      - Generating module map file at `Pods/Target Support Files/React-RuntimeCore/React-RuntimeCore.modulemap`
      - Generating umbrella header at `Pods/Target Support Files/React-RuntimeCore/React-RuntimeCore-umbrella.h`
      - Generating Info.plist file at `Pods/Target Support Files/React-RuntimeCore/React-RuntimeCore-Info.plist`
      - Generating dummy source at `Pods/Target Support Files/React-RuntimeCore/React-RuntimeCore-dummy.m`
    - Installing target `React-RuntimeHermes` iOS 13.4
      - Generating module map file at `Pods/Target Support Files/React-RuntimeHermes/React-RuntimeHermes.modulemap`
      - Generating umbrella header at `Pods/Target Support Files/React-RuntimeHermes/React-RuntimeHermes-umbrella.h`
      - Generating Info.plist file at `Pods/Target Support Files/React-RuntimeHermes/React-RuntimeHermes-Info.plist`
      - Generating dummy source at `Pods/Target Support Files/React-RuntimeHermes/React-RuntimeHermes-dummy.m`
    - Installing target `React-callinvoker` iOS 13.4
    - Installing target `React-cxxreact` iOS 13.4
      - Generating module map file at `Pods/Target Support Files/React-cxxreact/React-cxxreact.modulemap`
      - Generating umbrella header at `Pods/Target Support Files/React-cxxreact/React-cxxreact-umbrella.h`
      - Generating Info.plist file at `Pods/Target Support Files/React-cxxreact/React-cxxreact-Info.plist`
      - Generating dummy source at `Pods/Target Support Files/React-cxxreact/React-cxxreact-dummy.m`
    - Installing target `React-debug` iOS 13.4
      - Generating module map file at `Pods/Target Support Files/React-debug/React-debug.modulemap`
      - Generating umbrella header at `Pods/Target Support Files/React-debug/React-debug-umbrella.h`
      - Generating Info.plist file at `Pods/Target Support Files/React-debug/React-debug-Info.plist`
      - Generating dummy source at `Pods/Target Support Files/React-debug/React-debug-dummy.m`
    - Installing target `React-graphics` iOS 13.4
      - Generating module map file at `Pods/Target Support Files/React-graphics/React-graphics.modulemap`
      - Generating umbrella header at `Pods/Target Support Files/React-graphics/React-graphics-umbrella.h`
      - Generating Info.plist file at `Pods/Target Support Files/React-graphics/React-graphics-Info.plist`
      - Generating dummy source at `Pods/Target Support Files/React-graphics/React-graphics-dummy.m`
    - Installing target `React-hermes` iOS 13.4
      - Generating module map file at `Pods/Target Support Files/React-hermes/React-hermes.modulemap`
      - Generating umbrella header at `Pods/Target Support Files/React-hermes/React-hermes-umbrella.h`
      - Generating Info.plist file at `Pods/Target Support Files/React-hermes/React-hermes-Info.plist`
      - Generating dummy source at `Pods/Target Support Files/React-hermes/React-hermes-dummy.m`
    - Installing target `React-jserrorhandler` iOS 13.4
      - Generating module map file at `Pods/Target Support Files/React-jserrorhandler/React-jserrorhandler.modulemap`
      - Generating umbrella header at `Pods/Target Support Files/React-jserrorhandler/React-jserrorhandler-umbrella.h`
      - Generating Info.plist file at `Pods/Target Support Files/React-jserrorhandler/React-jserrorhandler-Info.plist`
      - Generating dummy source at `Pods/Target Support Files/React-jserrorhandler/React-jserrorhandler-dummy.m`
    - Installing target `React-jsi` iOS 13.4
      - Generating module map file at `Pods/Target Support Files/React-jsi/React-jsi.modulemap`
      - Generating umbrella header at `Pods/Target Support Files/React-jsi/React-jsi-umbrella.h`
      - Generating Info.plist file at `Pods/Target Support Files/React-jsi/React-jsi-Info.plist`
      - Generating dummy source at `Pods/Target Support Files/React-jsi/React-jsi-dummy.m`
    - Installing target `React-jsiexecutor` iOS 13.4
      - Generating module map file at `Pods/Target Support Files/React-jsiexecutor/React-jsiexecutor.modulemap`
      - Generating umbrella header at `Pods/Target Support Files/React-jsiexecutor/React-jsiexecutor-umbrella.h`
      - Generating Info.plist file at `Pods/Target Support Files/React-jsiexecutor/React-jsiexecutor-Info.plist`
      - Generating dummy source at `Pods/Target Support Files/React-jsiexecutor/React-jsiexecutor-dummy.m`
    - Installing target `React-jsinspector` iOS 13.4
      - Generating module map file at `Pods/Target Support Files/React-jsinspector/React-jsinspector.modulemap`
      - Generating umbrella header at `Pods/Target Support Files/React-jsinspector/React-jsinspector-umbrella.h`
      - Generating Info.plist file at `Pods/Target Support Files/React-jsinspector/React-jsinspector-Info.plist`
      - Generating dummy source at `Pods/Target Support Files/React-jsinspector/React-jsinspector-dummy.m`
    - Installing target `React-jsitracing` iOS 13.4
      - Generating module map file at `Pods/Target Support Files/React-jsitracing/React-jsitracing.modulemap`
      - Generating umbrella header at `Pods/Target Support Files/React-jsitracing/React-jsitracing-umbrella.h`
      - Generating Info.plist file at `Pods/Target Support Files/React-jsitracing/React-jsitracing-Info.plist`
      - Generating dummy source at `Pods/Target Support Files/React-jsitracing/React-jsitracing-dummy.m`
    - Installing target `React-logger` iOS 13.4
      - Generating module map file at `Pods/Target Support Files/React-logger/React-logger.modulemap`
      - Generating umbrella header at `Pods/Target Support Files/React-logger/React-logger-umbrella.h`
      - Generating Info.plist file at `Pods/Target Support Files/React-logger/React-logger-Info.plist`
      - Generating dummy source at `Pods/Target Support Files/React-logger/React-logger-dummy.m`
    - Installing target `React-nativeconfig` iOS 13.4
      - Generating module map file at `Pods/Target Support Files/React-nativeconfig/React-nativeconfig.modulemap`
      - Generating umbrella header at `Pods/Target Support Files/React-nativeconfig/React-nativeconfig-umbrella.h`
      - Generating Info.plist file at `Pods/Target Support Files/React-nativeconfig/React-nativeconfig-Info.plist`
      - Generating dummy source at `Pods/Target Support Files/React-nativeconfig/React-nativeconfig-dummy.m`
    - Installing target `React-perflogger` iOS 13.4
      - Generating module map file at `Pods/Target Support Files/React-perflogger/React-perflogger.modulemap`
      - Generating umbrella header at `Pods/Target Support Files/React-perflogger/React-perflogger-umbrella.h`
      - Generating Info.plist file at `Pods/Target Support Files/React-perflogger/React-perflogger-Info.plist`
      - Generating dummy source at `Pods/Target Support Files/React-perflogger/React-perflogger-dummy.m`
    - Installing target `React-rendererdebug` iOS 13.4
      - Generating module map file at `Pods/Target Support Files/React-rendererdebug/React-rendererdebug.modulemap`
      - Generating umbrella header at `Pods/Target Support Files/React-rendererdebug/React-rendererdebug-umbrella.h`
      - Generating Info.plist file at `Pods/Target Support Files/React-rendererdebug/React-rendererdebug-Info.plist`
      - Generating dummy source at `Pods/Target Support Files/React-rendererdebug/React-rendererdebug-dummy.m`
    - Installing target `React-rncore` iOS 13.4
    - Installing target `React-runtimeexecutor` iOS 13.4
    - Installing target `React-runtimescheduler` iOS 13.4
      - Generating module map file at `Pods/Target Support Files/React-runtimescheduler/React-runtimescheduler.modulemap`
      - Generating umbrella header at `Pods/Target Support Files/React-runtimescheduler/React-runtimescheduler-umbrella.h`
      - Generating Info.plist file at `Pods/Target Support Files/React-runtimescheduler/React-runtimescheduler-Info.plist`
      - Generating dummy source at `Pods/Target Support Files/React-runtimescheduler/React-runtimescheduler-dummy.m`
    - Installing target `React-utils` iOS 13.4
      - Generating module map file at `Pods/Target Support Files/React-utils/React-utils.modulemap`
      - Generating umbrella header at `Pods/Target Support Files/React-utils/React-utils-umbrella.h`
      - Generating Info.plist file at `Pods/Target Support Files/React-utils/React-utils-Info.plist`
      - Generating dummy source at `Pods/Target Support Files/React-utils/React-utils-dummy.m`
    - Installing target `ReactCommon` iOS 13.4
      - Generating module map file at `Pods/Target Support Files/ReactCommon/ReactCommon.modulemap`
      - Generating umbrella header at `Pods/Target Support Files/ReactCommon/ReactCommon-umbrella.h`
      - Generating Info.plist file at `Pods/Target Support Files/ReactCommon/ReactCommon-Info.plist`
      - Generating dummy source at `Pods/Target Support Files/ReactCommon/ReactCommon-dummy.m`
    - Installing target `SocketRocket` iOS 11.0
      - Generating module map file at `Pods/Target Support Files/SocketRocket/SocketRocket.modulemap`
      - Generating umbrella header at `Pods/Target Support Files/SocketRocket/SocketRocket-umbrella.h`
      - Generating Info.plist file at `Pods/Target Support Files/SocketRocket/SocketRocket-Info.plist`
      - Generating dummy source at `Pods/Target Support Files/SocketRocket/SocketRocket-dummy.m`
    - Installing target `SwiftSH` iOS 13.0
      - Generating module map file at `Pods/Target Support Files/SwiftSH/SwiftSH.modulemap`
      - Generating umbrella header at `Pods/Target Support Files/SwiftSH/SwiftSH-umbrella.h`
      - Generating Info.plist file at `Pods/Target Support Files/SwiftSH/SwiftSH-Info.plist`
      - Generating dummy source at `Pods/Target Support Files/SwiftSH/SwiftSH-dummy.m`
    - Installing target `SwiftTerm` iOS 13.0
      - Generating module map file at `Pods/Target Support Files/SwiftTerm/SwiftTerm.modulemap`
      - Generating umbrella header at `Pods/Target Support Files/SwiftTerm/SwiftTerm-umbrella.h`
      - Generating Info.plist file at `Pods/Target Support Files/SwiftTerm/SwiftTerm-Info.plist`
      - Generating dummy source at `Pods/Target Support Files/SwiftTerm/SwiftTerm-dummy.m`
    - Installing target `Yoga` iOS 13.4
      - Generating module map file at `Pods/Target Support Files/Yoga/Yoga.modulemap`
      - Generating umbrella header at `Pods/Target Support Files/Yoga/Yoga-umbrella.h`
      - Generating Info.plist file at `Pods/Target Support Files/Yoga/Yoga-Info.plist`
      - Generating dummy source at `Pods/Target Support Files/Yoga/Yoga-dummy.m`
    - Installing target `boost` iOS 13.4
    - Installing target `fmt` iOS 10.0
      - Generating module map file at `Pods/Target Support Files/fmt/fmt.modulemap`
      - Generating umbrella header at `Pods/Target Support Files/fmt/fmt-umbrella.h`
      - Generating Info.plist file at `Pods/Target Support Files/fmt/fmt-Info.plist`
      - Generating dummy source at `Pods/Target Support Files/fmt/fmt-dummy.m`
    - Installing target `glog` iOS 13.4
      - Generating module map file at `Pods/Target Support Files/glog/glog.modulemap`
      - Generating umbrella header at `Pods/Target Support Files/glog/glog-umbrella.h`
      - Generating Info.plist file at `Pods/Target Support Files/glog/glog-Info.plist`
      - Generating dummy source at `Pods/Target Support Files/glog/glog-dummy.m`
    - Installing target `hermes-engine` iOS 13.4
    - Installing target `libevent` iOS 10.0
      - Generating module map file at `Pods/Target Support Files/libevent/libevent.modulemap`
      - Generating umbrella header at `Pods/Target Support Files/libevent/libevent-umbrella.h`
      - Generating Info.plist file at `Pods/Target Support Files/libevent/libevent-Info.plist`
      - Generating dummy source at `Pods/Target Support Files/libevent/libevent-dummy.m`
    - Installing target `rtn-dev-console` iOS 13.4
      - Generating module map file at `Pods/Target Support Files/rtn-dev-console/rtn-dev-console.modulemap`
      - Generating umbrella header at `Pods/Target Support Files/rtn-dev-console/rtn-dev-console-umbrella.h`
      - Generating Info.plist file at `Pods/Target Support Files/rtn-dev-console/rtn-dev-console-Info.plist`
      - Generating dummy source at `Pods/Target Support Files/rtn-dev-console/rtn-dev-console-dummy.m`
  - Installing Aggregate Targets
    - Installing target `Pods-RtnDevConsoleExample` iOS 13.4
      - Generating Info.plist file at `Pods/Target Support Files/Pods-RtnDevConsoleExample/Pods-RtnDevConsoleExample-Info.plist`
      - Generating module map file at `Pods/Target Support Files/Pods-RtnDevConsoleExample/Pods-RtnDevConsoleExample.modulemap`
      - Generating umbrella header at `Pods/Target Support Files/Pods-RtnDevConsoleExample/Pods-RtnDevConsoleExample-umbrella.h`
      - Generating dummy source at `Pods/Target Support Files/Pods-RtnDevConsoleExample/Pods-RtnDevConsoleExample-dummy.m`
    - Installing target `Pods-RtnDevConsoleExample-RtnDevConsoleExampleTests` iOS 13.4
      - Generating Info.plist file at `Pods/Target Support Files/Pods-RtnDevConsoleExample-RtnDevConsoleExampleTests/Pods-RtnDevConsoleExample-RtnDevConsoleExampleTests-Info.plist`
      - Generating module map file at `Pods/Target Support Files/Pods-RtnDevConsoleExample-RtnDevConsoleExampleTests/Pods-RtnDevConsoleExample-RtnDevConsoleExampleTests.modulemap`
      - Generating umbrella header at `Pods/Target Support Files/Pods-RtnDevConsoleExample-RtnDevConsoleExampleTests/Pods-RtnDevConsoleExample-RtnDevConsoleExampleTests-umbrella.h`
      - Generating dummy source at `Pods/Target Support Files/Pods-RtnDevConsoleExample-RtnDevConsoleExampleTests/Pods-RtnDevConsoleExample-RtnDevConsoleExampleTests-dummy.m`
  - Integrating targets

Integrating target `CSSH`
    Adding Build Phase '[CP] Copy XCFrameworks' to project.

Integrating target `React-Codegen`
    Adding Build Phase '[CP-User] Generate Specs' to project.

Integrating target `React-RCTAppDelegate`
    Adding Build Phase '[CP-User] Generate Legacy Components Interop' to project.

Integrating target `hermes-engine`
    Adding Build Phase '[CP] Copy XCFrameworks' to project.
    Adding Build Phase '[CP-User] [Hermes] Replace Hermes for the right configuration, if needed' to project.
  - Stabilizing target UUIDs
  - Running post install hooks
Setting USE_HERMES build settings
Setting REACT_NATIVE build settings
Setting CLANG_CXX_LANGUAGE_STANDARD to c++20 on /Users/tjtekton/code/TheTekton337/rtn-dev-console/example/ios/RtnDevConsoleExample.xcodeproj
Pod install took 26 [s] to run
    - Podfile
  - Writing Xcode project file to `Pods/Pods.xcodeproj`
  Cleaning up sandbox directory

Integrating client project

Integrating target `Pods-RtnDevConsoleExample` (`RtnDevConsoleExample.xcodeproj` project)

Integrating target `Pods-RtnDevConsoleExample-RtnDevConsoleExampleTests` (`RtnDevConsoleExample.xcodeproj` project)
  - Running post integrate hooks
  - Writing Lockfile in `Podfile.lock`
  - Writing Manifest in `Pods/Manifest.lock`
  CDN: trunk Relative path: CocoaPods-version.yml exists! Returning local because checking is only performed in repo update

-> Pod installation complete! There are 59 dependencies from the Podfile and 59 total pods installed.
